<?xml version="1.0" encoding="UTF-8"?>
<testng-results ignored="0" total="4" passed="4" failed="0" skipped="0">
  <reporter-output>
  </reporter-output>
  <suite started-at="2022-10-07T14:06:37 COT" name="Suite" finished-at="2022-10-07T14:08:26 COT" duration-ms="108095">
    <groups>
    </groups>
    <test started-at="2022-10-07T14:06:37 COT" name="Test" finished-at="2022-10-07T14:08:26 COT" duration-ms="108095">
      <class name="Run.Run">
        <test-method is-config="true" signature="beforeClass(java.lang.String,java.lang.String,java.lang.String,java.lang.String,java.lang.String,java.lang.String,java.lang.String,java.lang.String)[pri:0, instance:Run.Run@6cd28fa7]" started-at="2022-10-07T14:06:37 COT" name="beforeClass" finished-at="2022-10-07T14:06:37 COT" duration-ms="11" status="PASS">
          <params>
            <param index="0">
              <value>
                <![CDATA[./imagenes/mercado-libre-logo.png]]>
              </value>
            </param>
            <param index="1">
              <value>
                <![CDATA[./imagenes/tools-qa.png]]>
              </value>
            </param>
            <param index="2">
              <value>
                <![CDATA[./imagenes/calculadora.png]]>
              </value>
            </param>
            <param index="3">
              <value>
                <![CDATA[Android]]>
              </value>
            </param>
            <param index="4">
              <value>
                <![CDATA[LDGNW18B23000384]]>
              </value>
            </param>
            <param index="5">
              <value>
                <![CDATA[9]]>
              </value>
            </param>
            <param index="6">
              <value>
                <![CDATA[true]]>
              </value>
            </param>
            <param index="7">
              <value>
                <![CDATA[true]]>
              </value>
            </param>
          </params>
          <reporter-output>
          </reporter-output>
        </test-method> <!-- beforeClass -->
        <test-method signature="calculadora(java.lang.String,java.lang.String,java.lang.String,java.lang.String,java.lang.String,java.lang.String,java.lang.String)[pri:1, instance:Run.Run@6cd28fa7]" started-at="2022-10-07T14:06:38 COT" name="calculadora" data-provider="calculadora" finished-at="2022-10-07T14:06:38 COT" duration-ms="4" status="PASS">
          <params>
            <param index="0">
              <value>
                <![CDATA[no]]>
              </value>
            </param>
            <param index="1">
              <value>
                <![CDATA[456]]>
              </value>
            </param>
            <param index="2">
              <value>
                <![CDATA[798]]>
              </value>
            </param>
            <param index="3">
              <value>
                <![CDATA[menos]]>
              </value>
            </param>
            <param index="4">
              <value>
                <![CDATA[com.android.calculator2]]>
              </value>
            </param>
            <param index="5">
              <value>
                <![CDATA[com.android.calculator2.Calculator]]>
              </value>
            </param>
            <param index="6">
              <value>
                <![CDATA[Si]]>
              </value>
            </param>
          </params>
          <reporter-output>
          </reporter-output>
        </test-method> <!-- calculadora -->
        <test-method signature="testMercadolibre(java.lang.String,java.lang.String,java.lang.String,java.lang.String,java.lang.String,java.lang.String,java.lang.String,java.lang.String,java.lang.String,java.lang.String,java.lang.String)[pri:2, instance:Run.Run@6cd28fa7]" started-at="2022-10-07T14:06:38 COT" name="testMercadolibre" data-provider="mercadolibre" finished-at="2022-10-07T14:06:38 COT" duration-ms="2" status="PASS">
          <params>
            <param index="0">
              <value>
                <![CDATA[no]]>
              </value>
            </param>
            <param index="1">
              <value>
                <![CDATA[com.android.chrome]]>
              </value>
            </param>
            <param index="2">
              <value>
                <![CDATA[org.chromium.chrome.browser.ChromeTabbedActivity]]>
              </value>
            </param>
            <param index="3">
              <value>
                <![CDATA[mercadolibre.com.pe]]>
              </value>
            </param>
            <param index="4">
              <value>
                <![CDATA[celulares]]>
              </value>
            </param>
            <param index="5">
              <value>
                <![CDATA[Camilo]]>
              </value>
            </param>
            <param index="6">
              <value>
                <![CDATA[Martinez]]>
              </value>
            </param>
            <param index="7">
              <value>
                <![CDATA[101041165]]>
              </value>
            </param>
            <param index="8">
              <value>
                <![CDATA[cuentafalsa@gmail.com]]>
              </value>
            </param>
            <param index="9">
              <value>
                <![CDATA[pass123]]>
              </value>
            </param>
            <param index="10">
              <value>
                <![CDATA[Si]]>
              </value>
            </param>
          </params>
          <reporter-output>
          </reporter-output>
        </test-method> <!-- testMercadolibre -->
        <test-method signature="testToolsQAAlerts(java.lang.String,java.lang.String,java.lang.String,java.lang.String,java.lang.String,java.lang.String)[pri:3, instance:Run.Run@6cd28fa7]" started-at="2022-10-07T14:06:38 COT" name="testToolsQAAlerts" data-provider="toolsQAAlerts" finished-at="2022-10-07T14:08:25 COT" duration-ms="106550" status="PASS">
          <params>
            <param index="0">
              <value>
                <![CDATA[demoqa.com]]>
              </value>
            </param>
            <param index="1">
              <value>
                <![CDATA[buenas tardes]]>
              </value>
            </param>
            <param index="2">
              <value>
                <![CDATA[Si]]>
              </value>
            </param>
            <param index="3">
              <value>
                <![CDATA[Si]]>
              </value>
            </param>
            <param index="4">
              <value>
                <![CDATA[com.android.chrome]]>
              </value>
            </param>
            <param index="5">
              <value>
                <![CDATA[org.chromium.chrome.browser.ChromeTabbedActivity]]>
              </value>
            </param>
          </params>
          <reporter-output>
          </reporter-output>
        </test-method> <!-- testToolsQAAlerts -->
        <test-method signature="testToolsQAwidgest(java.lang.String,java.lang.String,java.lang.String,java.lang.String,java.lang.String,java.lang.String,java.lang.String)[pri:4, instance:Run.Run@6cd28fa7]" started-at="2022-10-07T14:08:25 COT" name="testToolsQAwidgest" data-provider="toolsQAWidgest" finished-at="2022-10-07T14:08:25 COT" duration-ms="2" status="PASS">
          <params>
            <param index="0">
              <value>
                <![CDATA[demoqa.com]]>
              </value>
            </param>
            <param index="1">
              <value>
                <![CDATA[08/18/2022]]>
              </value>
            </param>
            <param index="2">
              <value>
                <![CDATA[August 18, 2022 2:51 PM]]>
              </value>
            </param>
            <param index="3">
              <value>
                <![CDATA[no]]>
              </value>
            </param>
            <param index="4">
              <value>
                <![CDATA[Si]]>
              </value>
            </param>
            <param index="5">
              <value>
                <![CDATA[com.android.chrome]]>
              </value>
            </param>
            <param index="6">
              <value>
                <![CDATA[org.chromium.chrome.browser.ChromeTabbedActivity]]>
              </value>
            </param>
          </params>
          <reporter-output>
          </reporter-output>
        </test-method> <!-- testToolsQAwidgest -->
        <test-method is-config="true" signature="afterClass()[pri:0, instance:Run.Run@6cd28fa7]" started-at="2022-10-07T14:08:25 COT" name="afterClass" finished-at="2022-10-07T14:08:26 COT" duration-ms="964" status="PASS">
          <reporter-output>
          </reporter-output>
        </test-method> <!-- afterClass -->
      </class> <!-- Run.Run -->
    </test> <!-- Test -->
  </suite> <!-- Suite -->
</testng-results>
