<?xml version="1.0" encoding="UTF-8"?>
<!-- Generated by org.testng.reporters.JUnitXMLReporter -->
<testsuite ignored="0" hostname="PE-HO-448" failures="1" tests="5" name="Test" time="36.408" errors="0" timestamp="2022-10-07T16:42:56 COT">
  <testcase classname="Run.Run" name="testToolsQAAlerts" time="0.003"/>
  <testcase classname="Run.Run" name="pruebaInicialTestNG" time="0.001"/>
  <testcase classname="Run.Run" name="testToolsQAWidgest" time="0.001"/>
  <testcase classname="Run.Run" name="pruebaInicialTestNG2" time="0.001"/>
  <testcase classname="Run.Run" name="testmercury" time="34.333">
    <failure type="java.lang.AssertionError" message="expected [123456miloo] but found [123456milo]">
      <![CDATA[java.lang.AssertionError: expected [123456miloo] but found [123456milo]
at Run.Run.testmercury(Run.java:354)
at java.base/java.util.ArrayList.forEach(ArrayList.java:1511)
... Removed 33 stack frames]]>
    </failure>
  </testcase> <!-- testmercury -->
</testsuite> <!-- Test -->
