<?xml version="1.0" encoding="UTF-8"?>
<!-- Generated by org.testng.reporters.JUnitXMLReporter -->
<testsuite ignored="0" hostname="PE-HO-448" failures="0" tests="4" name="Test" time="108.095" errors="0" timestamp="2022-10-07T14:08:26 COT">
  <testcase classname="Run.Run" name="calculadora" time="0.004"/>
  <testcase classname="Run.Run" name="testMercadolibre" time="0.002"/>
  <testcase classname="Run.Run" name="testToolsQAAlerts" time="106.55"/>
  <testcase classname="Run.Run" name="testToolsQAwidgest" time="0.002"/>
</testsuite> <!-- Test -->
